2025-12-24 15:02:18 | INFO     | app.core.logging_uru:setup_logging:120 - 日志系统初始化完成 - 使用 loguru
2025-12-24 15:02:18 | DEBUG    | logging:callHandlers:1736 - Building SSL context
2025-12-24 15:02:18 | DEBUG    | logging:callHandlers:1736 - Switching to SSL
2025-12-24 15:02:19 | DEBUG    | logging:callHandlers:1736 - SSL has been enabled
2025-12-24 15:02:19 | DEBUG    | logging:callHandlers:1736 - Starting authorization phase
2025-12-24 15:02:19 | DEBUG    | logging:callHandlers:1736 - The provided initial strategy is caching_sha2_password
2025-12-24 15:02:19 | INFO     | logging:callHandlers:1736 - package: mysql.connector.plugins
2025-12-24 15:02:19 | INFO     | logging:callHandlers:1736 - plugin_name: caching_sha2_password
2025-12-24 15:02:19 | INFO     | logging:callHandlers:1736 - AUTHENTICATION_PLUGIN_CLASS: MySQLCachingSHA2PasswordAuthPlugin
2025-12-24 15:02:19 | DEBUG    | logging:callHandlers:1736 - Server's response is an auth switch request
2025-12-24 15:02:19 | DEBUG    | logging:callHandlers:1736 - Switching to strategy mysql_native_password
2025-12-24 15:02:19 | INFO     | logging:callHandlers:1736 - package: mysql.connector.plugins
2025-12-24 15:02:19 | INFO     | logging:callHandlers:1736 - plugin_name: mysql_native_password
2025-12-24 15:02:19 | INFO     | logging:callHandlers:1736 - AUTHENTICATION_PLUGIN_CLASS: MySQLNativePasswordAuthPlugin
2025-12-24 15:02:19 | DEBUG    | logging:callHandlers:1736 - # request: b'b\rj\x94\x99n\x03_\xca\xcaFz\x9b\xd4\x84\xeaP\x12\x9c\xb6' size: 20
2025-12-24 15:02:19 | DEBUG    | logging:callHandlers:1736 - # server response packet: b'\x07\x00\x00\x05\x00\x00\x00\x02\x00\x00\x00'
2025-12-24 15:02:19 | DEBUG    | logging:callHandlers:1736 - mysql_native_password completed succesfully
2025-12-24 15:02:19 | INFO     | logging:callHandlers:1736 - SELECT DATABASE()
2025-12-24 15:02:19 | INFO     | logging:callHandlers:1736 - [raw sql] {}
2025-12-24 15:02:19 | INFO     | logging:callHandlers:1736 - SELECT @@sql_mode
2025-12-24 15:02:19 | INFO     | logging:callHandlers:1736 - [raw sql] {}
2025-12-24 15:02:19 | INFO     | logging:callHandlers:1736 - SELECT @@lower_case_table_names
2025-12-24 15:02:19 | INFO     | logging:callHandlers:1736 - [raw sql] {}
2025-12-24 15:02:19 | INFO     | logging:callHandlers:1736 - BEGIN (implicit)
2025-12-24 15:02:19 | INFO     | logging:callHandlers:1736 - SELECT 1
2025-12-24 15:02:19 | INFO     | logging:callHandlers:1736 - [generated in 0.00332s] {}
2025-12-24 15:02:19 | INFO     | logging:callHandlers:1736 - sqlalchemy数据库连接成功 - 数据库类型: MySQL
2025-12-24 15:02:19 | INFO     | logging:callHandlers:1736 - ROLLBACK
2025-12-24 15:02:19 | INFO     | logging:callHandlers:1736 - 应用启动完成
2025-12-24 15:02:19 | INFO     | logging:callHandlers:1736 - Application startup complete.
2025-12-24 15:04:12 | INFO     | logging:callHandlers:1736 - 127.0.0.1:49549 - "GET /api/v1/wx/public/system/session/load HTTP/1.1" 200
2025-12-24 15:04:28 | INFO     | logging:callHandlers:1736 - 正在请求URL: https://mp.weixin.qq.com/cgi-bin/searchbiz?action=search_biz&begin=0&count=10&query=11&token=1509590953&lang=zh_CN&f=json&ajax=1
2025-12-24 15:04:28 | DEBUG    | logging:callHandlers:1736 - connect_tcp.started host='127.0.0.1' port=10808 local_address=None timeout=10 socket_options=None
2025-12-24 15:04:28 | DEBUG    | logging:callHandlers:1736 - connect_tcp.complete return_value=<httpcore._backends.anyio.AnyIOStream object at 0x10ec86e40>
2025-12-24 15:04:28 | DEBUG    | logging:callHandlers:1736 - send_request_headers.started request=<Request [b'CONNECT']>
2025-12-24 15:04:28 | DEBUG    | logging:callHandlers:1736 - send_request_headers.complete
2025-12-24 15:04:28 | DEBUG    | logging:callHandlers:1736 - send_request_body.started request=<Request [b'CONNECT']>
2025-12-24 15:04:28 | DEBUG    | logging:callHandlers:1736 - send_request_body.complete
2025-12-24 15:04:28 | DEBUG    | logging:callHandlers:1736 - receive_response_headers.started request=<Request [b'CONNECT']>
2025-12-24 15:04:28 | DEBUG    | logging:callHandlers:1736 - receive_response_headers.complete return_value=(b'HTTP/1.1', 200, b'Connection established', [])
2025-12-24 15:04:28 | DEBUG    | logging:callHandlers:1736 - start_tls.started ssl_context=<ssl.SSLContext object at 0x10eb93f50> server_hostname='mp.weixin.qq.com' timeout=10
2025-12-24 15:04:28 | DEBUG    | logging:callHandlers:1736 - start_tls.complete return_value=<httpcore._backends.anyio.AnyIOStream object at 0x10ed042d0>
2025-12-24 15:04:28 | DEBUG    | logging:callHandlers:1736 - send_request_headers.started request=<Request [b'GET']>
2025-12-24 15:04:28 | DEBUG    | logging:callHandlers:1736 - send_request_headers.complete
2025-12-24 15:04:28 | DEBUG    | logging:callHandlers:1736 - send_request_body.started request=<Request [b'GET']>
2025-12-24 15:04:28 | DEBUG    | logging:callHandlers:1736 - send_request_body.complete
2025-12-24 15:04:28 | DEBUG    | logging:callHandlers:1736 - receive_response_headers.started request=<Request [b'GET']>
2025-12-24 15:04:29 | DEBUG    | logging:callHandlers:1736 - receive_response_headers.complete return_value=(b'HTTP/1.1', 200, b'OK', [(b'Content-Type', b'application/json; charset=UTF-8'), (b'Cache-Control', b'no-cache, must-revalidate'), (b'RetKey', b'14'), (b'LogicRet', b'0'), (b'Strict-Transport-Security', b'max-age=15552000'), (b'Set-Cookie', b'slave_user=gh_82bb5e0f80e3; Path=/; Expires=Sun, 28-Dec-2025 07:04:28 GMT; Secure; HttpOnly'), (b'Set-Cookie', b'slave_sid=c002SGxZUWJuS1ZqMzlYcnpmSHhCY2h5X3BJTzVZSFZydjhJWklhWWVsNDZ4UkxicG1iTFc2RkNieTBGREhLU2hsV3FsRkFuaW94eGJ0dEZvblNTSnNnV3dYVENIVlU2akV1Tkdwbm1ESm5mV1pya3RGSG5Jc2hsaTFNUnlyeU9MRmhNTjVkYnEwS0dLVDBm; Path=/; Expires=Sun, 28-Dec-2025 07:04:28 GMT; Secure; HttpOnly'), (b'Set-Cookie', b'bizuin=3964406050; Path=/; Expires=Sun, 28-Dec-2025 07:04:28 GMT; Secure; HttpOnly'), (b'Set-Cookie', b'data_bizuin=3964406050; Path=/; Expires=Sun, 28-Dec-2025 07:04:28 GMT; Secure; HttpOnly'), (b'Set-Cookie', b'data_ticket=mTNXcixYx0tzU7d/HXJwvrW9YnV61PUrpOkSrltQRecUjH8BghYmalK9VQieMm4Z; Path=/; Expires=Sun, 28-Dec-2025 07:04:28 GMT; Secure; HttpOnly'), (b'Set-Cookie', b'slave_bizuin=3964406050; Path=/; Expires=Sun, 28-Dec-2025 07:04:28 GMT; Secure; HttpOnly'), (b'Set-Cookie', b'rand_info=CAESIHEA1xKY+iWwgOtUvpWSmmAN/6mRmWjpiCXL3pUHKA8Z; Path=/; Expires=Sun, 28-Dec-2025 07:04:28 GMT; Secure; HttpOnly'), (b'Connection', b'keep-alive'), (b'Content-Encoding', b'gzip'), (b'Content-Length', b'2652')])
2025-12-24 15:04:29 | INFO     | logging:callHandlers:1736 - HTTP Request: GET https://mp.weixin.qq.com/cgi-bin/searchbiz?action=search_biz&begin=0&count=10&query=11&token=1509590953&lang=zh_CN&f=json&ajax=1 "HTTP/1.1 200 OK"
2025-12-24 15:04:29 | DEBUG    | logging:callHandlers:1736 - receive_response_body.started request=<Request [b'GET']>
2025-12-24 15:04:29 | DEBUG    | logging:callHandlers:1736 - receive_response_body.complete
2025-12-24 15:04:29 | DEBUG    | logging:callHandlers:1736 - response_closed.started
2025-12-24 15:04:29 | DEBUG    | logging:callHandlers:1736 - response_closed.complete
2025-12-24 15:04:29 | INFO     | logging:callHandlers:1736 - 127.0.0.1:49687 - "GET /api/v1/wx/public/search-wx-public?query=11&begin=0&count=10 HTTP/1.1" 200
2025-12-24 15:05:58 | DEBUG    | logging:callHandlers:1736 - connect_tcp.started host='127.0.0.1' port=10808 local_address=None timeout=10 socket_options=None
2025-12-24 15:05:58 | DEBUG    | logging:callHandlers:1736 - connect_tcp.complete return_value=<httpcore._backends.anyio.AnyIOStream object at 0x10ed07390>
2025-12-24 15:05:58 | DEBUG    | logging:callHandlers:1736 - send_request_headers.started request=<Request [b'CONNECT']>
2025-12-24 15:05:58 | DEBUG    | logging:callHandlers:1736 - send_request_headers.complete
2025-12-24 15:05:58 | DEBUG    | logging:callHandlers:1736 - send_request_body.started request=<Request [b'CONNECT']>
2025-12-24 15:05:58 | DEBUG    | logging:callHandlers:1736 - send_request_body.complete
2025-12-24 15:05:58 | DEBUG    | logging:callHandlers:1736 - receive_response_headers.started request=<Request [b'CONNECT']>
2025-12-24 15:05:58 | DEBUG    | logging:callHandlers:1736 - receive_response_headers.complete return_value=(b'HTTP/1.1', 200, b'Connection established', [])
2025-12-24 15:05:58 | DEBUG    | logging:callHandlers:1736 - start_tls.started ssl_context=<ssl.SSLContext object at 0x10ecf8a70> server_hostname='mp.weixin.qq.com' timeout=10
2025-12-24 15:05:58 | DEBUG    | logging:callHandlers:1736 - start_tls.complete return_value=<httpcore._backends.anyio.AnyIOStream object at 0x10ed5ed70>
2025-12-24 15:05:58 | DEBUG    | logging:callHandlers:1736 - send_request_headers.started request=<Request [b'GET']>
2025-12-24 15:05:58 | DEBUG    | logging:callHandlers:1736 - send_request_headers.complete
2025-12-24 15:05:58 | DEBUG    | logging:callHandlers:1736 - send_request_body.started request=<Request [b'GET']>
2025-12-24 15:05:58 | DEBUG    | logging:callHandlers:1736 - send_request_body.complete
2025-12-24 15:05:58 | DEBUG    | logging:callHandlers:1736 - receive_response_headers.started request=<Request [b'GET']>
2025-12-24 15:05:59 | DEBUG    | logging:callHandlers:1736 - receive_response_headers.complete return_value=(b'HTTP/1.1', 200, b'OK', [(b'RetKey', b'14'), (b'LogicRet', b'0'), (b'Content-Type', b'application/json; charset=UTF-8'), (b'Cache-Control', b'no-cache, must-revalidate'), (b'Strict-Transport-Security', b'max-age=15552000'), (b'Set-Cookie', b'slave_user=gh_82bb5e0f80e3; Path=/; Expires=Sun, 28-Dec-2025 07:05:59 GMT; Secure; HttpOnly'), (b'Set-Cookie', b'slave_sid=c002SGxZUWJuS1ZqMzlYcnpmSHhCY2h5X3BJTzVZSFZydjhJWklhWWVsNDZ4UkxicG1iTFc2RkNieTBGREhLU2hsV3FsRkFuaW94eGJ0dEZvblNTSnNnV3dYVENIVlU2akV1Tkdwbm1ESm5mV1pya3RGSG5Jc2hsaTFNUnlyeU9MRmhNTjVkYnEwS0dLVDBm; Path=/; Expires=Sun, 28-Dec-2025 07:05:59 GMT; Secure; HttpOnly'), (b'Set-Cookie', b'bizuin=3964406050; Path=/; Expires=Sun, 28-Dec-2025 07:05:59 GMT; Secure; HttpOnly'), (b'Set-Cookie', b'data_bizuin=3964406050; Path=/; Expires=Sun, 28-Dec-2025 07:05:59 GMT; Secure; HttpOnly'), (b'Set-Cookie', b'data_ticket=mTNXcixYx0tzU7d/HXJwvrW9YnV61PUrpOkSrltQRecUjH8BghYmalK9VQieMm4Z; Path=/; Expires=Sun, 28-Dec-2025 07:05:59 GMT; Secure; HttpOnly'), (b'Set-Cookie', b'slave_bizuin=3964406050; Path=/; Expires=Sun, 28-Dec-2025 07:05:59 GMT; Secure; HttpOnly'), (b'Set-Cookie', b'rand_info=CAESIHEA1xKY+iWwgOtUvpWSmmAN/6mRmWjpiCXL3pUHKA8Z; Path=/; Expires=Sun, 28-Dec-2025 07:05:59 GMT; Secure; HttpOnly'), (b'Connection', b'keep-alive'), (b'Content-Encoding', b'gzip'), (b'Content-Length', b'10085')])
2025-12-24 15:05:59 | INFO     | logging:callHandlers:1736 - HTTP Request: GET https://mp.weixin.qq.com/cgi-bin/appmsgpublish?sub=list&begin=0&count=15&fakeid=Mzg4NDc3NzU2Mg==&type=101_1&free_publish_type=1&sub_action=list_ex&token=1509590953&lang=zh_CN&f=json&ajax=1 "HTTP/1.1 200 OK"
2025-12-24 15:05:59 | DEBUG    | logging:callHandlers:1736 - receive_response_body.started request=<Request [b'GET']>
2025-12-24 15:05:59 | DEBUG    | logging:callHandlers:1736 - receive_response_body.complete
2025-12-24 15:05:59 | DEBUG    | logging:callHandlers:1736 - response_closed.started
2025-12-24 15:05:59 | DEBUG    | logging:callHandlers:1736 - response_closed.complete
2025-12-24 15:05:59 | INFO     | logging:callHandlers:1736 - 127.0.0.1:50428 - "POST /api/v1/wx/public/get-wx-article-list HTTP/1.1" 200
2025-12-24 15:05:59 | INFO     | logging:callHandlers:1736 - 127.0.0.1:50443 - "POST /api/v1/wx/public/system/check-downloaded HTTP/1.1" 200
2025-12-24 15:07:55 | INFO     | logging:callHandlers:1736 - 正在请求URL: https://mp.weixin.qq.com/cgi-bin/searchbiz?action=search_biz&begin=0&count=10&query=你好&token=1509590953&lang=zh_CN&f=json&ajax=1
2025-12-24 15:07:55 | DEBUG    | logging:callHandlers:1736 - connect_tcp.started host='127.0.0.1' port=10808 local_address=None timeout=10 socket_options=None
2025-12-24 15:07:55 | DEBUG    | logging:callHandlers:1736 - connect_tcp.complete return_value=<httpcore._backends.anyio.AnyIOStream object at 0x10ec89ba0>
2025-12-24 15:07:55 | DEBUG    | logging:callHandlers:1736 - send_request_headers.started request=<Request [b'CONNECT']>
2025-12-24 15:07:55 | DEBUG    | logging:callHandlers:1736 - send_request_headers.complete
2025-12-24 15:07:55 | DEBUG    | logging:callHandlers:1736 - send_request_body.started request=<Request [b'CONNECT']>
2025-12-24 15:07:55 | DEBUG    | logging:callHandlers:1736 - send_request_body.complete
2025-12-24 15:07:55 | DEBUG    | logging:callHandlers:1736 - receive_response_headers.started request=<Request [b'CONNECT']>
2025-12-24 15:07:55 | DEBUG    | logging:callHandlers:1736 - receive_response_headers.complete return_value=(b'HTTP/1.1', 200, b'Connection established', [])
2025-12-24 15:07:55 | DEBUG    | logging:callHandlers:1736 - start_tls.started ssl_context=<ssl.SSLContext object at 0x10ecf8440> server_hostname='mp.weixin.qq.com' timeout=10
2025-12-24 15:07:55 | DEBUG    | logging:callHandlers:1736 - start_tls.complete return_value=<httpcore._backends.anyio.AnyIOStream object at 0x10ece5910>
2025-12-24 15:07:55 | DEBUG    | logging:callHandlers:1736 - send_request_headers.started request=<Request [b'GET']>
2025-12-24 15:07:55 | DEBUG    | logging:callHandlers:1736 - send_request_headers.complete
2025-12-24 15:07:55 | DEBUG    | logging:callHandlers:1736 - send_request_body.started request=<Request [b'GET']>
2025-12-24 15:07:55 | DEBUG    | logging:callHandlers:1736 - send_request_body.complete
2025-12-24 15:07:55 | DEBUG    | logging:callHandlers:1736 - receive_response_headers.started request=<Request [b'GET']>
2025-12-24 15:07:56 | DEBUG    | logging:callHandlers:1736 - receive_response_headers.complete return_value=(b'HTTP/1.1', 200, b'OK', [(b'Content-Type', b'application/json; charset=UTF-8'), (b'Cache-Control', b'no-cache, must-revalidate'), (b'RetKey', b'14'), (b'LogicRet', b'0'), (b'Strict-Transport-Security', b'max-age=15552000'), (b'Set-Cookie', b'slave_user=gh_82bb5e0f80e3; Path=/; Expires=Sun, 28-Dec-2025 07:07:55 GMT; Secure; HttpOnly'), (b'Set-Cookie', b'slave_sid=c002SGxZUWJuS1ZqMzlYcnpmSHhCY2h5X3BJTzVZSFZydjhJWklhWWVsNDZ4UkxicG1iTFc2RkNieTBGREhLU2hsV3FsRkFuaW94eGJ0dEZvblNTSnNnV3dYVENIVlU2akV1Tkdwbm1ESm5mV1pya3RGSG5Jc2hsaTFNUnlyeU9MRmhNTjVkYnEwS0dLVDBm; Path=/; Expires=Sun, 28-Dec-2025 07:07:55 GMT; Secure; HttpOnly'), (b'Set-Cookie', b'bizuin=3964406050; Path=/; Expires=Sun, 28-Dec-2025 07:07:55 GMT; Secure; HttpOnly'), (b'Set-Cookie', b'data_bizuin=3964406050; Path=/; Expires=Sun, 28-Dec-2025 07:07:55 GMT; Secure; HttpOnly'), (b'Set-Cookie', b'data_ticket=mTNXcixYx0tzU7d/HXJwvrW9YnV61PUrpOkSrltQRecUjH8BghYmalK9VQieMm4Z; Path=/; Expires=Sun, 28-Dec-2025 07:07:55 GMT; Secure; HttpOnly'), (b'Set-Cookie', b'slave_bizuin=3964406050; Path=/; Expires=Sun, 28-Dec-2025 07:07:55 GMT; Secure; HttpOnly'), (b'Set-Cookie', b'rand_info=CAESIHEA1xKY+iWwgOtUvpWSmmAN/6mRmWjpiCXL3pUHKA8Z; Path=/; Expires=Sun, 28-Dec-2025 07:07:55 GMT; Secure; HttpOnly'), (b'Connection', b'keep-alive'), (b'Content-Encoding', b'gzip'), (b'Content-Length', b'1995')])
2025-12-24 15:07:56 | INFO     | logging:callHandlers:1736 - HTTP Request: GET https://mp.weixin.qq.com/cgi-bin/searchbiz?action=search_biz&begin=0&count=10&query=%E4%BD%A0%E5%A5%BD&token=1509590953&lang=zh_CN&f=json&ajax=1 "HTTP/1.1 200 OK"
2025-12-24 15:07:56 | DEBUG    | logging:callHandlers:1736 - receive_response_body.started request=<Request [b'GET']>
2025-12-24 15:07:56 | DEBUG    | logging:callHandlers:1736 - receive_response_body.complete
2025-12-24 15:07:56 | DEBUG    | logging:callHandlers:1736 - response_closed.started
2025-12-24 15:07:56 | DEBUG    | logging:callHandlers:1736 - response_closed.complete
2025-12-24 15:07:56 | INFO     | logging:callHandlers:1736 - 127.0.0.1:51290 - "GET /api/v1/wx/public/search-wx-public?query=%E4%BD%A0%E5%A5%BD&begin=0&count=10 HTTP/1.1" 200
2025-12-24 16:01:26 | DEBUG    | logging:callHandlers:1736 - connect_tcp.started host='mp.weixin.qq.com' port=443 local_address=None timeout=10 socket_options=None
2025-12-24 16:01:26 | DEBUG    | logging:callHandlers:1736 - connect_tcp.complete return_value=<httpcore._backends.anyio.AnyIOStream object at 0x10ed6d260>
2025-12-24 16:01:26 | DEBUG    | logging:callHandlers:1736 - start_tls.started ssl_context=<ssl.SSLContext object at 0x10ecf9490> server_hostname='mp.weixin.qq.com' timeout=10
2025-12-24 16:01:26 | DEBUG    | logging:callHandlers:1736 - start_tls.complete return_value=<httpcore._backends.anyio.AnyIOStream object at 0x10ed6d370>
2025-12-24 16:01:26 | DEBUG    | logging:callHandlers:1736 - send_request_headers.started request=<Request [b'GET']>
2025-12-24 16:01:26 | DEBUG    | logging:callHandlers:1736 - send_request_headers.complete
2025-12-24 16:01:26 | DEBUG    | logging:callHandlers:1736 - send_request_body.started request=<Request [b'GET']>
2025-12-24 16:01:26 | DEBUG    | logging:callHandlers:1736 - send_request_body.complete
2025-12-24 16:01:26 | DEBUG    | logging:callHandlers:1736 - receive_response_headers.started request=<Request [b'GET']>
2025-12-24 16:01:27 | DEBUG    | logging:callHandlers:1736 - receive_response_headers.complete return_value=(b'HTTP/1.1', 200, b'OK', [(b'RetKey', b'14'), (b'LogicRet', b'0'), (b'Content-Type', b'application/json; charset=UTF-8'), (b'Cache-Control', b'no-cache, must-revalidate'), (b'Strict-Transport-Security', b'max-age=15552000'), (b'Set-Cookie', b'slave_user=gh_82bb5e0f80e3; Path=/; Expires=Sun, 28-Dec-2025 08:01:27 GMT; Secure; HttpOnly'), (b'Set-Cookie', b'slave_sid=c002SGxZUWJuS1ZqMzlYcnpmSHhCY2h5X3BJTzVZSFZydjhJWklhWWVsNDZ4UkxicG1iTFc2RkNieTBGREhLU2hsV3FsRkFuaW94eGJ0dEZvblNTSnNnV3dYVENIVlU2akV1Tkdwbm1ESm5mV1pya3RGSG5Jc2hsaTFNUnlyeU9MRmhNTjVkYnEwS0dLVDBm; Path=/; Expires=Sun, 28-Dec-2025 08:01:27 GMT; Secure; HttpOnly'), (b'Set-Cookie', b'bizuin=3964406050; Path=/; Expires=Sun, 28-Dec-2025 08:01:27 GMT; Secure; HttpOnly'), (b'Set-Cookie', b'data_bizuin=3964406050; Path=/; Expires=Sun, 28-Dec-2025 08:01:27 GMT; Secure; HttpOnly'), (b'Set-Cookie', b'data_ticket=mTNXcixYx0tzU7d/HXJwvrW9YnV61PUrpOkSrltQRecUjH8BghYmalK9VQieMm4Z; Path=/; Expires=Sun, 28-Dec-2025 08:01:27 GMT; Secure; HttpOnly'), (b'Set-Cookie', b'slave_bizuin=3964406050; Path=/; Expires=Sun, 28-Dec-2025 08:01:27 GMT; Secure; HttpOnly'), (b'Set-Cookie', b'rand_info=CAESIHEA1xKY+iWwgOtUvpWSmmAN/6mRmWjpiCXL3pUHKA8Z; Path=/; Expires=Sun, 28-Dec-2025 08:01:27 GMT; Secure; HttpOnly'), (b'Connection', b'keep-alive'), (b'Content-Encoding', b'gzip'), (b'Content-Length', b'8010')])
2025-12-24 16:01:27 | INFO     | logging:callHandlers:1736 - HTTP Request: GET https://mp.weixin.qq.com/cgi-bin/appmsgpublish?sub=list&begin=0&count=15&fakeid=MzA3Mjc4MTI1MQ==&type=101_1&free_publish_type=1&sub_action=list_ex&token=1509590953&lang=zh_CN&f=json&ajax=1 "HTTP/1.1 200 OK"
2025-12-24 16:01:27 | DEBUG    | logging:callHandlers:1736 - receive_response_body.started request=<Request [b'GET']>
2025-12-24 16:01:27 | DEBUG    | logging:callHandlers:1736 - receive_response_body.complete
2025-12-24 16:01:27 | DEBUG    | logging:callHandlers:1736 - response_closed.started
2025-12-24 16:01:27 | DEBUG    | logging:callHandlers:1736 - response_closed.complete
2025-12-24 16:01:27 | DEBUG    | logging:callHandlers:1736 - close.started
2025-12-24 16:01:27 | DEBUG    | logging:callHandlers:1736 - close.complete
2025-12-24 16:01:27 | INFO     | logging:callHandlers:1736 - 127.0.0.1:58074 - "POST /api/v1/wx/public/get-wx-article-list HTTP/1.1" 200
2025-12-24 16:01:27 | INFO     | logging:callHandlers:1736 - 127.0.0.1:58105 - "POST /api/v1/wx/public/system/check-downloaded HTTP/1.1" 200
